# JRE version: OpenJDK Runtime Environment Corretto-17.0.5.8.1 (17.0.5+8) (build 17.0.5+8-LTS)
# Java VM: OpenJDK 64-Bit Server VM Corretto-17.0.5.8.1 (17.0.5+8-LTS, mixed mode, sharing, tiered, compressed oops, compressed class ptrs, g1 gc, windows-amd64)
GC Precious Log:
 CPUs: 8 total, 8 available
 Memory: 8043M
 Large Page Support: Disabled
 NUMA Support: Disabled
 Compressed Oops: Enabled (32-bit)
 Heap Region Size: 1M
 Heap Min Capacity: 8M
 Heap Initial Capacity: 126M
 Heap Max Capacity: 2G
 Pre-touch: Disabled
 Parallel Workers: 8
 Concurrent Workers: 2
 Concurrent Refinement Workers: 8
 Periodic GC: Disabled
Heap:
 garbage-first heap   total 373760K, used 190884K [0x0000000080000000, 0x0000000100000000)
  region size 1024K, 13 young (13312K), 13 survivors (13312K)
 Metaspace       used 95618K, committed 96256K, reserved 1138688K
  class space    used 13002K, committed 13312K, reserved 1048576K
GC Heap History (20 events):
Event: 11.504 GC heap after
{Heap after GC invocations=39 (full 0):
 garbage-first heap   total 129024K, used 77994K [0x0000000080000000, 0x0000000100000000)
  region size 1024K, 5 young (5120K), 5 survivors (5120K)
 Metaspace       used 73224K, committed 73856K, reserved 1114112K
  class space    used 10153K, committed 10432K, reserved 1048576K
}
Event: 11.509 GC heap before
{Heap before GC invocations=39 (full 0):
 garbage-first heap   total 129024K, used 81066K [0x0000000080000000, 0x0000000100000000)
  region size 1024K, 6 young (6144K), 5 survivors (5120K)
 Metaspace       used 73224K, committed 73856K, reserved 1114112K
  class space    used 10153K, committed 10432K, reserved 1048576K
}
Event: 11.517 GC heap after
{Heap after GC invocations=40 (full 0):
 garbage-first heap   total 129024K, used 79631K [0x0000000080000000, 0x0000000100000000)
  region size 1024K, 1 young (1024K), 1 survivors (1024K)
 Metaspace       used 73224K, committed 73856K, reserved 1114112K
  class space    used 10153K, committed 10432K, reserved 1048576K
}
Event: 11.755 GC heap before
{Heap before GC invocations=40 (full 0):
 garbage-first heap   total 129024K, used 102159K [0x0000000080000000, 0x0000000100000000)
  region size 1024K, 23 young (23552K), 1 survivors (1024K)
 Metaspace       used 73331K, committed 73920K, reserved 1114112K
  class space    used 10156K, committed 10432K, reserved 1048576K
}
Event: 11.764 GC heap after
{Heap after GC invocations=41 (full 0):
 garbage-first heap   total 373760K, used 91383K [0x0000000080000000, 0x0000000100000000)
  region size 1024K, 3 young (3072K), 3 survivors (3072K)
 Metaspace       used 73331K, committed 73920K, reserved 1114112K
  class space    used 10156K, committed 10432K, reserved 1048576K
}
Event: 13.170 GC heap before
{Heap before GC invocations=42 (full 0):
 garbage-first heap   total 337920K, used 231671K [0x0000000080000000, 0x0000000100000000)
  region size 1024K, 116 young (118784K), 3 survivors (3072K)
 Metaspace       used 78149K, committed 78720K, reserved 1122304K
  class space    used 10584K, committed 10880K, reserved 1048576K
}
Event: 13.188 GC heap after
{Heap after GC invocations=43 (full 0):
 garbage-first heap   total 337920K, used 103155K [0x0000000080000000, 0x0000000100000000)
  region size 1024K, 15 young (15360K), 15 survivors (15360K)
 Metaspace       used 78149K, committed 78720K, reserved 1122304K
  class space    used 10584K, committed 10880K, reserved 1048576K
}
Event: 13.199 GC heap before
{Heap before GC invocations=43 (full 0):
 garbage-first heap   total 337920K, used 104179K [0x0000000080000000, 0x0000000100000000)
  region size 1024K, 16 young (16384K), 15 survivors (15360K)
 Metaspace       used 78155K, committed 78720K, reserved 1122304K
  class space    used 10585K, committed 10880K, reserved 1048576K
}
Event: 13.210 GC heap after
{Heap after GC invocations=44 (full 0):
 garbage-first heap   total 337920K, used 104448K [0x0000000080000000, 0x0000000100000000)
  region size 1024K, 2 young (2048K), 2 survivors (2048K)
 Metaspace       used 78155K, committed 78720K, reserved 1122304K
  class space    used 10585K, committed 10880K, reserved 1048576K
}
Event: 13.985 GC heap before
{Heap before GC invocations=44 (full 0):
 garbage-first heap   total 337920K, used 222208K [0x0000000080000000, 0x0000000100000000)
  region size 1024K, 118 young (120832K), 2 survivors (2048K)
 Metaspace       used 81085K, committed 81664K, reserved 1122304K
  class space    used 10869K, committed 11136K, reserved 1048576K
}
Event: 13.990 GC heap after
{Heap after GC invocations=45 (full 0):
 garbage-first heap   total 337920K, used 107435K [0x0000000080000000, 0x0000000100000000)
  region size 1024K, 5 young (5120K), 5 survivors (5120K)
 Metaspace       used 81085K, committed 81664K, reserved 1122304K
  class space    used 10869K, committed 11136K, reserved 1048576K
}
Event: 15.091 GC heap before
{Heap before GC invocations=45 (full 0):
 garbage-first heap   total 337920K, used 235435K [0x0000000080000000, 0x0000000100000000)
  region size 1024K, 132 young (135168K), 5 survivors (5120K)
 Metaspace       used 86000K, committed 86592K, reserved 1130496K
  class space    used 11493K, committed 11776K, reserved 1048576K
}
Event: 15.111 GC heap after
{Heap after GC invocations=46 (full 0):
 garbage-first heap   total 337920K, used 119622K [0x0000000080000000, 0x0000000100000000)
  region size 1024K, 17 young (17408K), 17 survivors (17408K)
 Metaspace       used 86000K, committed 86592K, reserved 1130496K
  class space    used 11493K, committed 11776K, reserved 1048576K
}
Event: 15.863 GC heap before
{Heap before GC invocations=46 (full 0):
 garbage-first heap   total 337920K, used 245574K [0x0000000080000000, 0x0000000100000000)
  region size 1024K, 141 young (144384K), 17 survivors (17408K)
 Metaspace       used 89940K, committed 90560K, reserved 1130496K
  class space    used 12096K, committed 12416K, reserved 1048576K
}
Event: 15.894 GC heap after
{Heap after GC invocations=47 (full 0):
 garbage-first heap   total 337920K, used 143956K [0x0000000080000000, 0x0000000100000000)
  region size 1024K, 18 young (18432K), 18 survivors (18432K)
 Metaspace       used 89940K, committed 90560K, reserved 1130496K
  class space    used 12096K, committed 12416K, reserved 1048576K
}
Event: 16.332 GC heap before
{Heap before GC invocations=47 (full 0):
 garbage-first heap   total 337920K, used 246356K [0x0000000080000000, 0x0000000100000000)
  region size 1024K, 119 young (121856K), 18 survivors (18432K)
 Metaspace       used 92491K, committed 93120K, reserved 1130496K
  class space    used 12446K, committed 12736K, reserved 1048576K
}
Event: 16.357 GC heap after
{Heap after GC invocations=48 (full 0):
 garbage-first heap   total 337920K, used 156383K [0x0000000080000000, 0x0000000100000000)
  region size 1024K, 15 young (15360K), 15 survivors (15360K)
 Metaspace       used 92491K, committed 93120K, reserved 1130496K
  class space    used 12446K, committed 12736K, reserved 1048576K
}
Event: 16.629 GC heap before
{Heap before GC invocations=48 (full 0):
 garbage-first heap   total 337920K, used 254687K [0x0000000080000000, 0x0000000100000000)
  region size 1024K, 111 young (113664K), 15 survivors (15360K)
 Metaspace       used 93351K, committed 94016K, reserved 1130496K
  class space    used 12581K, committed 12928K, reserved 1048576K
}
Event: 16.666 GC heap after
{Heap after GC invocations=49 (full 0):
 garbage-first heap   total 337920K, used 174767K [0x0000000080000000, 0x0000000100000000)
  region size 1024K, 14 young (14336K), 14 survivors (14336K)
 Metaspace       used 93351K, committed 94016K, reserved 1130496K
  class space    used 12581K, committed 12928K, reserved 1048576K
}
Event: 16.930 GC heap before
{Heap before GC invocations=49 (full 0):
 garbage-first heap   total 337920K, used 261807K [0x0000000080000000, 0x0000000100000000)
  region size 1024K, 98 young (100352K), 14 survivors (14336K)
 Metaspace       used 95618K, committed 96256K, reserved 1138688K
  class space    used 13002K, committed 13312K, reserved 1048576K
}

