# JRE version: OpenJDK Runtime Environment Corretto-17.0.5.8.1 (17.0.5+8) (build 17.0.5+8-LTS)
# Java VM: OpenJDK 64-Bit Server VM Corretto-17.0.5.8.1 (17.0.5+8-LTS, mixed mode, sharing, tiered, compressed oops, compressed class ptrs, g1 gc, windows-amd64)
GC Precious Log:
 CPUs: 8 total, 8 available
 Memory: 8043M
 Large Page Support: Disabled
 NUMA Support: Disabled
 Compressed Oops: Enabled (32-bit)
 Heap Region Size: 1M
 Heap Min Capacity: 8M
 Heap Initial Capacity: 126M
 Heap Max Capacity: 2G
 Pre-touch: Disabled
 Parallel Workers: 8
 Concurrent Workers: 2
 Concurrent Refinement Workers: 8
 Periodic GC: Disabled
Heap:
 garbage-first heap   total 247808K, used 133823K [0x0000000080000000, 0x0000000100000000)
  region size 1024K, 2 young (2048K), 2 survivors (2048K)
 Metaspace       used 84751K, committed 85312K, reserved 1122304K
  class space    used 11905K, committed 12160K, reserved 1048576K
GC Heap History (20 events):
Event: 10.844 GC heap after
{Heap after GC invocations=36 (full 0):
 garbage-first heap   total 129024K, used 73453K [0x0000000080000000, 0x0000000100000000)
  region size 1024K, 5 young (5120K), 5 survivors (5120K)
 Metaspace       used 75697K, committed 76288K, reserved 1122304K
  class space    used 10497K, committed 10816K, reserved 1048576K
}
Event: 11.134 GC heap before
{Heap before GC invocations=37 (full 0):
 garbage-first heap   total 138240K, used 105197K [0x0000000080000000, 0x0000000100000000)
  region size 1024K, 37 young (37888K), 5 survivors (5120K)
 Metaspace       used 76055K, committed 76672K, reserved 1122304K
  class space    used 10515K, committed 10816K, reserved 1048576K
}
Event: 11.140 GC heap after
{Heap after GC invocations=38 (full 0):
 garbage-first heap   total 138240K, used 76018K [0x0000000080000000, 0x0000000100000000)
  region size 1024K, 3 young (3072K), 3 survivors (3072K)
 Metaspace       used 76055K, committed 76672K, reserved 1122304K
  class space    used 10515K, committed 10816K, reserved 1048576K
}
Event: 11.166 GC heap before
{Heap before GC invocations=38 (full 0):
 garbage-first heap   total 138240K, used 79090K [0x0000000080000000, 0x0000000100000000)
  region size 1024K, 6 young (6144K), 3 survivors (3072K)
 Metaspace       used 76066K, committed 76672K, reserved 1122304K
  class space    used 10515K, committed 10816K, reserved 1048576K
}
Event: 11.170 GC heap after
{Heap after GC invocations=39 (full 0):
 garbage-first heap   total 138240K, used 76652K [0x0000000080000000, 0x0000000100000000)
  region size 1024K, 1 young (1024K), 1 survivors (1024K)
 Metaspace       used 76066K, committed 76672K, reserved 1122304K
  class space    used 10515K, committed 10816K, reserved 1048576K
}
Event: 11.349 GC heap before
{Heap before GC invocations=39 (full 0):
 garbage-first heap   total 138240K, used 112492K [0x0000000080000000, 0x0000000100000000)
  region size 1024K, 38 young (38912K), 1 survivors (1024K)
 Metaspace       used 77024K, committed 77568K, reserved 1122304K
  class space    used 10679K, committed 10944K, reserved 1048576K
}
Event: 11.354 GC heap after
{Heap after GC invocations=40 (full 0):
 garbage-first heap   total 138240K, used 85200K [0x0000000080000000, 0x0000000100000000)
  region size 1024K, 5 young (5120K), 5 survivors (5120K)
 Metaspace       used 77024K, committed 77568K, reserved 1122304K
  class space    used 10679K, committed 10944K, reserved 1048576K
}
Event: 11.436 GC heap before
{Heap before GC invocations=40 (full 0):
 garbage-first heap   total 138240K, used 110800K [0x0000000080000000, 0x0000000100000000)
  region size 1024K, 31 young (31744K), 5 survivors (5120K)
 Metaspace       used 77311K, committed 77888K, reserved 1122304K
  class space    used 10712K, committed 11008K, reserved 1048576K
}
Event: 11.441 GC heap after
{Heap after GC invocations=41 (full 0):
 garbage-first heap   total 203776K, used 90645K [0x0000000080000000, 0x0000000100000000)
  region size 1024K, 4 young (4096K), 4 survivors (4096K)
 Metaspace       used 77311K, committed 77888K, reserved 1122304K
  class space    used 10712K, committed 11008K, reserved 1048576K
}
Event: 11.879 GC heap before
{Heap before GC invocations=42 (full 0):
 garbage-first heap   total 203776K, used 159253K [0x0000000080000000, 0x0000000100000000)
  region size 1024K, 72 young (73728K), 4 survivors (4096K)
 Metaspace       used 81224K, committed 81856K, reserved 1122304K
  class space    used 11354K, committed 11648K, reserved 1048576K
}
Event: 11.890 GC heap after
{Heap after GC invocations=43 (full 0):
 garbage-first heap   total 203776K, used 100202K [0x0000000080000000, 0x0000000100000000)
  region size 1024K, 9 young (9216K), 9 survivors (9216K)
 Metaspace       used 81224K, committed 81856K, reserved 1122304K
  class space    used 11354K, committed 11648K, reserved 1048576K
}
Event: 11.896 GC heap before
{Heap before GC invocations=43 (full 0):
 garbage-first heap   total 203776K, used 101226K [0x0000000080000000, 0x0000000100000000)
  region size 1024K, 10 young (10240K), 9 survivors (9216K)
 Metaspace       used 81276K, committed 81920K, reserved 1122304K
  class space    used 11355K, committed 11648K, reserved 1048576K
}
Event: 11.904 GC heap after
{Heap after GC invocations=44 (full 0):
 garbage-first heap   total 203776K, used 100096K [0x0000000080000000, 0x0000000100000000)
  region size 1024K, 2 young (2048K), 2 survivors (2048K)
 Metaspace       used 81276K, committed 81920K, reserved 1122304K
  class space    used 11355K, committed 11648K, reserved 1048576K
}
Event: 12.192 GC heap before
{Heap before GC invocations=44 (full 0):
 garbage-first heap   total 203776K, used 159488K [0x0000000080000000, 0x0000000100000000)
  region size 1024K, 60 young (61440K), 2 survivors (2048K)
 Metaspace       used 82960K, committed 83584K, reserved 1122304K
  class space    used 11546K, committed 11840K, reserved 1048576K
}
Event: 12.204 GC heap after
{Heap after GC invocations=45 (full 0):
 garbage-first heap   total 203776K, used 110932K [0x0000000080000000, 0x0000000100000000)
  region size 1024K, 8 young (8192K), 8 survivors (8192K)
 Metaspace       used 82960K, committed 83584K, reserved 1122304K
  class space    used 11546K, committed 11840K, reserved 1048576K
}
Event: 12.379 GC heap before
{Heap before GC invocations=45 (full 0):
 garbage-first heap   total 247808K, used 161108K [0x0000000080000000, 0x0000000100000000)
  region size 1024K, 57 young (58368K), 8 survivors (8192K)
 Metaspace       used 83349K, committed 83968K, reserved 1122304K
  class space    used 11632K, committed 11904K, reserved 1048576K
}
Event: 12.397 GC heap after
{Heap after GC invocations=46 (full 0):
 garbage-first heap   total 247808K, used 120319K [0x0000000080000000, 0x0000000100000000)
  region size 1024K, 8 young (8192K), 8 survivors (8192K)
 Metaspace       used 83349K, committed 83968K, reserved 1122304K
  class space    used 11632K, committed 11904K, reserved 1048576K
}
Event: 12.555 GC heap before
{Heap before GC invocations=47 (full 0):
 garbage-first heap   total 247808K, used 191999K [0x0000000080000000, 0x0000000100000000)
  region size 1024K, 78 young (79872K), 8 survivors (8192K)
 Metaspace       used 84720K, committed 85312K, reserved 1122304K
  class space    used 11899K, committed 12160K, reserved 1048576K
}
Event: 12.575 GC heap after
{Heap after GC invocations=48 (full 0):
 garbage-first heap   total 247808K, used 132863K [0x0000000080000000, 0x0000000100000000)
  region size 1024K, 10 young (10240K), 10 survivors (10240K)
 Metaspace       used 84720K, committed 85312K, reserved 1122304K
  class space    used 11899K, committed 12160K, reserved 1048576K
}
Event: 12.579 GC heap before
{Heap before GC invocations=48 (full 0):
 garbage-first heap   total 247808K, used 134911K [0x0000000080000000, 0x0000000100000000)
  region size 1024K, 12 young (12288K), 10 survivors (10240K)
 Metaspace       used 84751K, committed 85312K, reserved 1122304K
  class space    used 11905K, committed 12160K, reserved 1048576K
}

